0 info it worked if it ends with ok
1 verbose cli [ 'C:\\Program Files\\nodejs\\node.exe',
1 verbose cli   'C:\\Program Files\\nodejs\\node_modules\\npm\\bin\\npm-cli.js',
1 verbose cli   'start' ]
2 info using npm@3.10.10
3 info using node@v6.11.3
4 verbose run-script [ 'prestart', 'start', 'poststart' ]
5 info lifecycle essensial-react-boilerplate@1.0.0~prestart: essensial-react-boilerplate@1.0.0
6 silly lifecycle essensial-react-boilerplate@1.0.0~prestart: no script for prestart, continuing
7 info lifecycle essensial-react-boilerplate@1.0.0~start: essensial-react-boilerplate@1.0.0
8 verbose lifecycle essensial-react-boilerplate@1.0.0~start: unsafe-perm in lifecycle true
9 verbose lifecycle essensial-react-boilerplate@1.0.0~start: PATH: C:\Program Files\nodejs\node_modules\npm\bin\node-gyp-bin;D:\Workspaces\essensial-react-boilerplate\node_modules\.bin;C:\Users\c.phamvuminh\bin;C:\Program Files (x86)\Git\mingw32\bin;C:\Program Files (x86)\Git\usr\local\bin;C:\Program Files (x86)\Git\usr\bin;C:\Program Files (x86)\Git\usr\bin;C:\Program Files (x86)\Git\mingw32\bin;C:\Program Files (x86)\Git\usr\bin;C:\Users\c.phamvuminh\bin;C:\Users\h.huynhtrong\.windows-build-tools\python27;C:\Users\h.huynhtrong\.windows-build-tools\python27\Scripts;C:\Windows\system32;C:\Windows;C:\Windows\System32\Wbem;C:\Windows\System32\WindowsPowerShell\v1.0;C:\Program Files\TortoiseSVN\bin;C:\Program Files\VisualSVN Server\bin;C:\Program Files (x86)\Git\cmd;C:\Program Files (x86)\Windows Kits\8.1\Windows Performance Toolkit;C:\Program Files (x86)\Android\android-studio\sdk\tools;C:\Program Files (x86)\Android\android-studio\sdk\platform-tools;C:\Users\h.huynhtrong\AppData\Roaming\nvm;C:\Program Files\nodejs;C:\Program Files (x86)\Skype\Phone;C:\Windows\system32\config\systemprofile\AppData\Roaming\npm\node_modules;C:\Program Files\nodejs;C:\Gradle\gradle-2.2.1\bin;C:\Users\c.phamvuminh\AppData\Local\Microsoft\WindowsApps;C:\Program Files\Microsoft VS Code\bin;C:\Users\c.phamvuminh\AppData\Roaming\npm\node_modules;C:\Users\c.phamvuminh\AppData\Roaming\npm;C:\Program Files (x86)\Git\usr\bin\vendor_perl;C:\Program Files (x86)\Git\usr\bin\core_perl
10 verbose lifecycle essensial-react-boilerplate@1.0.0~start: CWD: D:\Workspaces\essensial-react-boilerplate
11 silly lifecycle essensial-react-boilerplate@1.0.0~start: Args: [ '/d /s /c',
11 silly lifecycle   'webpack-dev-server --progress --colors --hot --config ./webpack.config.js' ]
12 silly lifecycle essensial-react-boilerplate@1.0.0~start: Returned: code: 1  signal: null
13 info lifecycle essensial-react-boilerplate@1.0.0~start: Failed to exec start script
14 verbose stack Error: essensial-react-boilerplate@1.0.0 start: `webpack-dev-server --progress --colors --hot --config ./webpack.config.js`
14 verbose stack Exit status 1
14 verbose stack     at EventEmitter.<anonymous> (C:\Program Files\nodejs\node_modules\npm\lib\utils\lifecycle.js:255:16)
14 verbose stack     at emitTwo (events.js:106:13)
14 verbose stack     at EventEmitter.emit (events.js:191:7)
14 verbose stack     at ChildProcess.<anonymous> (C:\Program Files\nodejs\node_modules\npm\lib\utils\spawn.js:40:14)
14 verbose stack     at emitTwo (events.js:106:13)
14 verbose stack     at ChildProcess.emit (events.js:191:7)
14 verbose stack     at maybeClose (internal/child_process.js:920:16)
14 verbose stack     at Process.ChildProcess._handle.onexit (internal/child_process.js:230:5)
15 verbose pkgid essensial-react-boilerplate@1.0.0
16 verbose cwd D:\Workspaces\essensial-react-boilerplate\src
17 error Windows_NT 10.0.14393
18 error argv "C:\\Program Files\\nodejs\\node.exe" "C:\\Program Files\\nodejs\\node_modules\\npm\\bin\\npm-cli.js" "start"
19 error node v6.11.3
20 error npm  v3.10.10
21 error code ELIFECYCLE
22 error essensial-react-boilerplate@1.0.0 start: `webpack-dev-server --progress --colors --hot --config ./webpack.config.js`
22 error Exit status 1
23 error Failed at the essensial-react-boilerplate@1.0.0 start script 'webpack-dev-server --progress --colors --hot --config ./webpack.config.js'.
23 error Make sure you have the latest version of node.js and npm installed.
23 error If you do, this is most likely a problem with the essensial-react-boilerplate package,
23 error not with npm itself.
23 error Tell the author that this fails on your system:
23 error     webpack-dev-server --progress --colors --hot --config ./webpack.config.js
23 error You can get information on how to open an issue for this project with:
23 error     npm bugs essensial-react-boilerplate
23 error Or if that isn't available, you can get their info via:
23 error     npm owner ls essensial-react-boilerplate
23 error There is likely additional logging output above.
24 verbose exit [ 1, true ]
